<?xml version="1.0" encoding="UTF-8"?>
<!-- Generated by org.testng.reporters.JUnitXMLReporter -->
<testsuite ignored="0" hostname="DESKTOP-G3QG20V" failures="0" tests="6" name="LoginTest" time="119.89" errors="0" timestamp="2026-04-27T17:04:35 IST">
  <testcase classname="day3.AmazonTestNGAutomation" name="login" time="21.108"/>
  <testcase classname="day3.AmazonTestNGAutomation" name="searchProduct" time="11.399"/>
  <testcase classname="day3.AmazonTestNGAutomation" name="selectProduct" time="0.401"/>
  <testcase classname="day3.AmazonTestNGAutomation" name="switchToProductHandle" time="0.035"/>
  <testcase classname="day3.AmazonTestNGAutomation" name="addProductToCart" time="39.416"/>
  <testcase classname="day3.AmazonTestNGAutomation" name="addPaymentMethod" time="10.002"/>
</testsuite> <!-- LoginTest -->
