<?xml version="1.0" encoding="UTF-8"?>
<!-- Generated by org.testng.reporters.JUnitXMLReporter -->
<testsuite ignored="1" hostname="DESKTOP-G3QG20V" failures="0" tests="2" name="Test" time="12.514" errors="0" timestamp="2026-04-27T10:39:56 IST">
  <testcase classname="day3.AnnoTest" name="Registration" time="0.013"/>
  <testcase classname="day3.ParameterTest" name="loginTest" time="1.611"/>
  <testcase classname="day3.AnnoTest" name="Login" time="0.0">
    <ignored/>
  </testcase> <!-- Login -->
</testsuite> <!-- Test -->
