<?xml version="1.0" encoding="UTF-8"?>
<!-- Generated by org.testng.reporters.JUnitReportReporter -->
<testsuite hostname="DESKTOP-G3QG20V" failures="0" tests="4" name="day3.DepndsOnMethodTest" time="31.202" errors="0" timestamp="2026-04-27T15:08:20 IST" skipped="0">
  <testcase classname="day3.DepndsOnMethodTest" name="search" time="3.648"/>
  <testcase classname="day3.DepndsOnMethodTest" name="checkout" time="24.367"/>
  <testcase classname="day3.DepndsOnMethodTest" name="login" time="2.069"/>
  <testcase classname="day3.DepndsOnMethodTest" name="cart" time="1.118"/>
</testsuite> <!-- day3.DepndsOnMethodTest -->
