<?xml version="1.0" encoding="UTF-8"?>
<!-- Generated by org.testng.reporters.JUnitReportReporter -->
<testsuite hostname="DESKTOP-G3QG20V" failures="0" tests="10" name="day3.PriorityTest" time="0.041" errors="0" timestamp="2026-04-27T10:16:13 IST" skipped="0">
  <testcase classname="day3.PriorityTest" name="ztest4" time="0.002"/>
  <testcase classname="day3.PriorityTest" name="Division" time="0.019"/>
  <testcase classname="day3.PriorityTest" name="Multiplication" time="0.002"/>
  <testcase classname="day3.PriorityTest" name="test0" time="0.002"/>
  <testcase classname="day3.PriorityTest" name="utest" time="0.003"/>
  <testcase classname="day3.PriorityTest" name="UAdd" time="0.002"/>
  <testcase classname="day3.PriorityTest" name="test1" time="0.003"/>
  <testcase classname="day3.PriorityTest" name="test2" time="0.002"/>
  <testcase classname="day3.PriorityTest" name="test3" time="0.003"/>
  <testcase classname="day3.PriorityTest" name="test5" time="0.003"/>
</testsuite> <!-- day3.PriorityTest -->
